mode: set
hackerrank/practice/hackerrank_2.go:7.40,9.28 2 1
hackerrank/practice/hackerrank_2.go:12.2,12.15 1 1
hackerrank/practice/hackerrank_2.go:9.28,11.3 1 1
hackerrank/practice/hackerrank_2.go:15.45,20.2 4 1
hackerrank/practice/hackerrank_3.go:3.50,9.2 3 1
hackerrank/practice/hackerrank_3.go:11.66,14.17 3 1
hackerrank/practice/hackerrank_3.go:18.2,18.17 1 1
hackerrank/practice/hackerrank_3.go:23.2,25.35 3 1
hackerrank/practice/hackerrank_3.go:14.17,16.3 1 1
hackerrank/practice/hackerrank_3.go:18.17,20.3 1 1
hackerrank/practice/hackerrank_3.go:20.8,20.24 1 1
hackerrank/practice/hackerrank_3.go:20.24,22.3 1 1
hackerrank/practice/testutils.go:7.74,8.24 1 1
hackerrank/practice/testutils.go:8.24,10.3 1 0
hackerrank/practice/utils.go:9.49,12.36 3 1
hackerrank/practice/utils.go:20.2,20.17 1 1
hackerrank/practice/utils.go:12.36,14.17 2 1
hackerrank/practice/utils.go:18.3,18.32 1 1
hackerrank/practice/utils.go:14.17,16.4 1 1
hackerrank/practice/hackerrank_1.go:3.46,5.2 1 1
